<?xml version="1.0" encoding="UTF-8"?>
<!-- Generated by org.testng.reporters.JUnitReportReporter -->
<testsuite hostname="snx-lap-102" failures="0" tests="6" name="com.testcases.MeetAhsan2022.Dashboard" time="15.732" errors="0" timestamp="2022-07-03T13:00:17 PKT" skipped="0">
  <testcase classname="com.testcases.MeetAhsan2022.Dashboard" name="Count_project_taskinloop" time="3.168"/>
  <system-out/>
  <testcase classname="com.testcases.MeetAhsan2022.Dashboard" name="ViewOpenTasks" time="3.143"/>
  <system-out/>
  <testcase classname="com.testcases.MeetAhsan2022.Dashboard" name="ViewCompletedTasks" time="3.150"/>
  <system-out/>
  <testcase classname="com.testcases.MeetAhsan2022.Dashboard" name="ViewTotalTasks" time="3.151"/>
  <system-out/>
  <testcase classname="com.testcases.MeetAhsan2022.Dashboard" name="ViewTotalProjects" time="0.066"/>
  <system-out/>
  <testcase classname="com.testcases.MeetAhsan2022.Dashboard" name="DashboardMenu" time="3.054"/>
  <system-out/>
</testsuite> <!-- com.testcases.MeetAhsan2022.Dashboard -->
