<?xml version="1.0" encoding="UTF-8"?>
<!-- Generated by org.testng.reporters.JUnitReportReporter -->
<testsuite hostname="snx-lap-102" failures="0" tests="4" name="com.testcases.MeetAhsan2022.Login" time="24.819" errors="0" timestamp="2022-07-03T13:00:17 PKT" skipped="0">
  <testcase classname="com.testcases.MeetAhsan2022.Login" name="ValidLogin" time="4.213"/>
  <system-out/>
  <testcase classname="com.testcases.MeetAhsan2022.Login" name="EmptyEmailTest" time="6.015"/>
  <system-out/>
  <testcase classname="com.testcases.MeetAhsan2022.Login" name="EmptyLoginFieldsTest" time="7.293"/>
  <system-out/>
  <testcase classname="com.testcases.MeetAhsan2022.Login" name="InvalidLogin" time="7.298"/>
  <system-out/>
</testsuite> <!-- com.testcases.MeetAhsan2022.Login -->
