<?xml version="1.0" encoding="UTF-8"?>
<!-- Generated by org.testng.reporters.JUnitReportReporter -->
<testsuite hostname="snx-lap-102" failures="0" tests="1" name="com.testcases.MeetAhsan2022.Configurations" time="7.141" errors="0" timestamp="2022-07-03T13:00:17 PKT" skipped="0">
  <testcase classname="com.testcases.MeetAhsan2022.Configurations" name="Browser" time="7.141"/>
  <system-out/>
</testsuite> <!-- com.testcases.MeetAhsan2022.Configurations -->
