<?xml version="1.0" encoding="UTF-8"?>
<!-- Generated by org.testng.reporters.JUnitReportReporter -->
<testsuite hostname="snx-lap-102" failures="0" tests="1" name="com.testcases.MeetAhsan2022.MyTask" time="3.083" errors="0" timestamp="2022-06-05T13:15:27 PKT" skipped="0">
  <testcase classname="com.testcases.MeetAhsan2022.MyTask" name="TaskMenu" time="3.083"/>
  <system-out/>
</testsuite> <!-- com.testcases.MeetAhsan2022.MyTask -->
